<?xml version="1.0" encoding="UTF-8"?>
<coverage generated="1774625235665" clover="3.2.0">
  <project timestamp="1774625235665" name="All files">
    <metrics statements="52" coveredstatements="49" conditionals="40" coveredconditionals="37" methods="9" coveredmethods="9" elements="101" coveredelements="95" complexity="0" loc="52" ncloc="52" packages="1" files="2" classes="2"/>
    <file name="index.ts" path="D:\Projects\Projects\log-face\src\index.ts">
      <metrics statements="0" coveredstatements="0" conditionals="0" coveredconditionals="0" methods="0" coveredmethods="0"/>
    </file>
    <file name="log-face.ts" path="D:\Projects\Projects\log-face\src\log-face.ts">
      <metrics statements="52" coveredstatements="49" conditionals="40" coveredconditionals="37" methods="9" coveredmethods="9"/>
      <line num="56" count="1" type="stmt"/>
      <line num="115" count="1" type="stmt"/>
      <line num="116" count="1" type="stmt"/>
      <line num="117" count="1" type="stmt"/>
      <line num="118" count="1" type="stmt"/>
      <line num="119" count="1" type="stmt"/>
      <line num="121" count="1" type="stmt"/>
      <line num="122" count="48" type="cond" truecount="5" falsecount="1"/>
      <line num="124" count="40" type="stmt"/>
      <line num="126" count="2" type="stmt"/>
      <line num="128" count="2" type="stmt"/>
      <line num="130" count="2" type="stmt"/>
      <line num="132" count="2" type="stmt"/>
      <line num="134" count="0" type="stmt"/>
      <line num="138" count="1" type="stmt"/>
      <line num="139" count="11" type="stmt"/>
      <line num="140" count="11" type="cond" truecount="2" falsecount="0"/>
      <line num="142" count="11" type="stmt"/>
      <line num="143" count="11" type="cond" truecount="2" falsecount="0"/>
      <line num="144" count="1" type="stmt"/>
      <line num="149" count="10" type="cond" truecount="2" falsecount="0"/>
      <line num="150" count="1" type="stmt"/>
      <line num="155" count="9" type="cond" truecount="2" falsecount="0"/>
      <line num="156" count="1" type="stmt"/>
      <line num="162" count="8" type="stmt"/>
      <line num="173" count="16" type="stmt"/>
      <line num="174" count="16" type="stmt"/>
      <line num="175" count="16" type="stmt"/>
      <line num="176" count="16" type="cond" truecount="2" falsecount="0"/>
      <line num="177" count="4" type="stmt"/>
      <line num="181" count="9" type="cond" truecount="4" falsecount="0"/>
      <line num="182" count="7" type="stmt"/>
      <line num="187" count="2" type="cond" truecount="4" falsecount="0"/>
      <line num="188" count="1" type="stmt"/>
      <line num="193" count="3" type="cond" truecount="4" falsecount="0"/>
      <line num="194" count="2" type="stmt"/>
      <line num="199" count="2" type="cond" truecount="4" falsecount="0"/>
      <line num="200" count="1" type="stmt"/>
      <line num="205" count="11" type="stmt"/>
      <line num="206" count="11" type="cond" truecount="1" falsecount="1"/>
      <line num="207" count="11" type="stmt"/>
      <line num="208" count="0" type="stmt"/>
      <line num="219" count="1" type="stmt"/>
      <line num="220" count="16" type="stmt"/>
      <line num="221" count="16" type="cond" truecount="2" falsecount="0"/>
      <line num="222" count="6" type="cond" truecount="2" falsecount="0"/>
      <line num="223" count="1" type="stmt"/>
      <line num="225" count="5" type="stmt"/>
      <line num="228" count="16" type="stmt"/>
      <line num="230" count="16" type="cond" truecount="1" falsecount="1"/>
      <line num="231" count="0" type="stmt"/>
      <line num="234" count="16" type="stmt"/>
    </file>
  </project>
</coverage>
