{"D:\\Projects\\Projects\\log-face\\src\\index.ts": {"path":"D:\\Projects\\Projects\\log-face\\src\\index.ts","statementMap":{},"fnMap":{},"branchMap":{},"s":{},"f":{},"b":{},"meta":{"lastBranch":0,"lastFunction":0,"lastStatement":0,"seen":{}}}
,"D:\\Projects\\Projects\\log-face\\src\\log-face.ts": {"path":"D:\\Projects\\Projects\\log-face\\src\\log-face.ts","statementMap":{"0":{"start":{"line":56,"column":52},"end":{"line":64,"column":null}},"1":{"start":{"line":115,"column":20},"end":{"line":115,"column":null}},"2":{"start":{"line":116,"column":19},"end":{"line":116,"column":null}},"3":{"start":{"line":117,"column":19},"end":{"line":117,"column":null}},"4":{"start":{"line":118,"column":20},"end":{"line":118,"column":null}},"5":{"start":{"line":119,"column":18},"end":{"line":119,"column":null}},"6":{"start":{"line":121,"column":6},"end":{"line":134,"column":null}},"7":{"start":{"line":122,"column":3},"end":{"line":134,"column":null}},"8":{"start":{"line":124,"column":9},"end":{"line":124,"column":null}},"9":{"start":{"line":126,"column":9},"end":{"line":126,"column":null}},"10":{"start":{"line":128,"column":9},"end":{"line":128,"column":null}},"11":{"start":{"line":130,"column":9},"end":{"line":130,"column":null}},"12":{"start":{"line":132,"column":9},"end":{"line":132,"column":null}},"13":{"start":{"line":134,"column":9},"end":{"line":134,"column":null}},"14":{"start":{"line":138,"column":6},"end":{"line":165,"column":null}},"15":{"start":{"line":139,"column":16},"end":{"line":139,"column":26}},"16":{"start":{"line":140,"column":20},"end":{"line":140,"column":72}},"17":{"start":{"line":142,"column":19},"end":{"line":142,"column":null}},"18":{"start":{"line":143,"column":3},"end":{"line":147,"column":null}},"19":{"start":{"line":144,"column":6},"end":{"line":147,"column":null}},"20":{"start":{"line":149,"column":3},"end":{"line":153,"column":null}},"21":{"start":{"line":150,"column":6},"end":{"line":153,"column":null}},"22":{"start":{"line":155,"column":3},"end":{"line":159,"column":null}},"23":{"start":{"line":156,"column":6},"end":{"line":159,"column":null}},"24":{"start":{"line":162,"column":3},"end":{"line":165,"column":null}},"25":{"start":{"line":173,"column":6},"end":{"line":173,"column":null}},"26":{"start":{"line":174,"column":6},"end":{"line":174,"column":null}},"27":{"start":{"line":175,"column":33},"end":{"line":175,"column":66}},"28":{"start":{"line":176,"column":6},"end":{"line":177,"column":null}},"29":{"start":{"line":177,"column":9},"end":{"line":177,"column":null}},"30":{"start":{"line":181,"column":6},"end":{"line":182,"column":null}},"31":{"start":{"line":182,"column":9},"end":{"line":182,"column":null}},"32":{"start":{"line":187,"column":6},"end":{"line":188,"column":null}},"33":{"start":{"line":188,"column":9},"end":{"line":188,"column":null}},"34":{"start":{"line":193,"column":6},"end":{"line":194,"column":null}},"35":{"start":{"line":194,"column":9},"end":{"line":194,"column":null}},"36":{"start":{"line":199,"column":6},"end":{"line":200,"column":null}},"37":{"start":{"line":200,"column":9},"end":{"line":200,"column":null}},"38":{"start":{"line":205,"column":31},"end":{"line":205,"column":null}},"39":{"start":{"line":206,"column":6},"end":{"line":207,"column":null}},"40":{"start":{"line":207,"column":9},"end":{"line":207,"column":null}},"41":{"start":{"line":208,"column":6},"end":{"line":208,"column":null}},"42":{"start":{"line":219,"column":13},"end":{"line":234,"column":null}},"43":{"start":{"line":220,"column":35},"end":{"line":220,"column":37}},"44":{"start":{"line":221,"column":3},"end":{"line":225,"column":null}},"45":{"start":{"line":222,"column":6},"end":{"line":225,"column":null}},"46":{"start":{"line":223,"column":9},"end":{"line":223,"column":null}},"47":{"start":{"line":225,"column":9},"end":{"line":225,"column":null}},"48":{"start":{"line":228,"column":19},"end":{"line":228,"column":57}},"49":{"start":{"line":230,"column":3},"end":{"line":231,"column":null}},"50":{"start":{"line":231,"column":6},"end":{"line":231,"column":null}},"51":{"start":{"line":234,"column":3},"end":{"line":234,"column":null}}},"fnMap":{"0":{"name":"(anonymous_0)","decl":{"start":{"line":121,"column":6},"end":{"line":121,"column":26}},"loc":{"start":{"line":121,"column":57},"end":{"line":134,"column":null}},"line":121},"1":{"name":"(anonymous_1)","decl":{"start":{"line":138,"column":6},"end":{"line":138,"column":34}},"loc":{"start":{"line":138,"column":83},"end":{"line":165,"column":null}},"line":138},"2":{"name":"(anonymous_2)","decl":{"start":{"line":172,"column":3},"end":{"line":172,"column":15}},"loc":{"start":{"line":172,"column":45},"end":{"line":177,"column":null}},"line":172},"3":{"name":"(anonymous_3)","decl":{"start":{"line":180,"column":3},"end":{"line":180,"column":9}},"loc":{"start":{"line":180,"column":23},"end":{"line":182,"column":null}},"line":180},"4":{"name":"(anonymous_4)","decl":{"start":{"line":186,"column":3},"end":{"line":186,"column":8}},"loc":{"start":{"line":186,"column":22},"end":{"line":188,"column":null}},"line":186},"5":{"name":"(anonymous_5)","decl":{"start":{"line":192,"column":3},"end":{"line":192,"column":8}},"loc":{"start":{"line":192,"column":22},"end":{"line":194,"column":null}},"line":192},"6":{"name":"(anonymous_6)","decl":{"start":{"line":198,"column":3},"end":{"line":198,"column":9}},"loc":{"start":{"line":198,"column":23},"end":{"line":200,"column":null}},"line":198},"7":{"name":"(anonymous_7)","decl":{"start":{"line":204,"column":3},"end":{"line":204,"column":11}},"loc":{"start":{"line":204,"column":70},"end":{"line":208,"column":null}},"line":204},"8":{"name":"(anonymous_8)","decl":{"start":{"line":219,"column":13},"end":{"line":219,"column":29}},"loc":{"start":{"line":219,"column":58},"end":{"line":234,"column":null}},"line":219}},"branchMap":{"0":{"loc":{"start":{"line":122,"column":3},"end":{"line":134,"column":null}},"type":"switch","locations":[{"start":{"line":123,"column":6},"end":{"line":124,"column":null}},{"start":{"line":125,"column":6},"end":{"line":126,"column":null}},{"start":{"line":127,"column":6},"end":{"line":128,"column":null}},{"start":{"line":129,"column":6},"end":{"line":130,"column":null}},{"start":{"line":131,"column":6},"end":{"line":132,"column":null}},{"start":{"line":133,"column":6},"end":{"line":134,"column":null}}],"line":122},"1":{"loc":{"start":{"line":140,"column":20},"end":{"line":140,"column":72}},"type":"cond-expr","locations":[{"start":{"line":140,"column":39},"end":{"line":140,"column":67}},{"start":{"line":140,"column":70},"end":{"line":140,"column":72}}],"line":140},"2":{"loc":{"start":{"line":143,"column":3},"end":{"line":147,"column":null}},"type":"if","locations":[{"start":{"line":143,"column":3},"end":{"line":147,"column":null}},{"start":{},"end":{}}],"line":143},"3":{"loc":{"start":{"line":149,"column":3},"end":{"line":153,"column":null}},"type":"if","locations":[{"start":{"line":149,"column":3},"end":{"line":153,"column":null}},{"start":{},"end":{}}],"line":149},"4":{"loc":{"start":{"line":155,"column":3},"end":{"line":159,"column":null}},"type":"if","locations":[{"start":{"line":155,"column":3},"end":{"line":159,"column":null}},{"start":{},"end":{}}],"line":155},"5":{"loc":{"start":{"line":176,"column":6},"end":{"line":177,"column":null}},"type":"if","locations":[{"start":{"line":176,"column":6},"end":{"line":177,"column":null}},{"start":{},"end":{}}],"line":176},"6":{"loc":{"start":{"line":181,"column":6},"end":{"line":182,"column":null}},"type":"if","locations":[{"start":{"line":181,"column":6},"end":{"line":182,"column":null}},{"start":{},"end":{}}],"line":181},"7":{"loc":{"start":{"line":181,"column":10},"end":{"line":181,"column":73}},"type":"binary-expr","locations":[{"start":{"line":181,"column":10},"end":{"line":181,"column":42}},{"start":{"line":181,"column":42},"end":{"line":181,"column":73}}],"line":181},"8":{"loc":{"start":{"line":187,"column":6},"end":{"line":188,"column":null}},"type":"if","locations":[{"start":{"line":187,"column":6},"end":{"line":188,"column":null}},{"start":{},"end":{}}],"line":187},"9":{"loc":{"start":{"line":187,"column":10},"end":{"line":187,"column":72}},"type":"binary-expr","locations":[{"start":{"line":187,"column":10},"end":{"line":187,"column":42}},{"start":{"line":187,"column":42},"end":{"line":187,"column":72}}],"line":187},"10":{"loc":{"start":{"line":193,"column":6},"end":{"line":194,"column":null}},"type":"if","locations":[{"start":{"line":193,"column":6},"end":{"line":194,"column":null}},{"start":{},"end":{}}],"line":193},"11":{"loc":{"start":{"line":193,"column":10},"end":{"line":193,"column":72}},"type":"binary-expr","locations":[{"start":{"line":193,"column":10},"end":{"line":193,"column":42}},{"start":{"line":193,"column":42},"end":{"line":193,"column":72}}],"line":193},"12":{"loc":{"start":{"line":199,"column":6},"end":{"line":200,"column":null}},"type":"if","locations":[{"start":{"line":199,"column":6},"end":{"line":200,"column":null}},{"start":{},"end":{}}],"line":199},"13":{"loc":{"start":{"line":199,"column":10},"end":{"line":199,"column":73}},"type":"binary-expr","locations":[{"start":{"line":199,"column":10},"end":{"line":199,"column":42}},{"start":{"line":199,"column":42},"end":{"line":199,"column":73}}],"line":199},"14":{"loc":{"start":{"line":206,"column":6},"end":{"line":207,"column":null}},"type":"if","locations":[{"start":{"line":206,"column":6},"end":{"line":207,"column":null}},{"start":{},"end":{}}],"line":206},"15":{"loc":{"start":{"line":221,"column":3},"end":{"line":225,"column":null}},"type":"if","locations":[{"start":{"line":221,"column":3},"end":{"line":225,"column":null}},{"start":{},"end":{}}],"line":221},"16":{"loc":{"start":{"line":222,"column":6},"end":{"line":225,"column":null}},"type":"if","locations":[{"start":{"line":222,"column":6},"end":{"line":225,"column":null}},{"start":{"line":224,"column":13},"end":{"line":225,"column":null}}],"line":222},"17":{"loc":{"start":{"line":230,"column":3},"end":{"line":231,"column":null}},"type":"if","locations":[{"start":{"line":230,"column":3},"end":{"line":231,"column":null}},{"start":{},"end":{}}],"line":230}},"s":{"0":1,"1":1,"2":1,"3":1,"4":1,"5":1,"6":1,"7":48,"8":40,"9":2,"10":2,"11":2,"12":2,"13":0,"14":1,"15":11,"16":11,"17":11,"18":11,"19":1,"20":10,"21":1,"22":9,"23":1,"24":8,"25":16,"26":16,"27":16,"28":16,"29":4,"30":9,"31":7,"32":2,"33":1,"34":3,"35":2,"36":2,"37":1,"38":11,"39":11,"40":11,"41":0,"42":1,"43":16,"44":16,"45":6,"46":1,"47":5,"48":16,"49":16,"50":0,"51":16},"f":{"0":48,"1":11,"2":16,"3":9,"4":2,"5":3,"6":2,"7":11,"8":16},"b":{"0":[40,2,2,2,2,0],"1":[2,9],"2":[1,10],"3":[1,9],"4":[1,8],"5":[4,12],"6":[7,2],"7":[9,8],"8":[1,1],"9":[2,2],"10":[2,1],"11":[3,3],"12":[1,1],"13":[2,2],"14":[11,0],"15":[6,10],"16":[1,5],"17":[0,16]},"meta":{"lastBranch":18,"lastFunction":9,"lastStatement":52,"seen":{"s:56:52:64:Infinity":0,"s:115:20:115:Infinity":1,"s:116:19:116:Infinity":2,"s:117:19:117:Infinity":3,"s:118:20:118:Infinity":4,"s:119:18:119:Infinity":5,"s:121:6:134:Infinity":6,"f:121:6:121:26":0,"b:123:6:124:Infinity:125:6:126:Infinity:127:6:128:Infinity:129:6:130:Infinity:131:6:132:Infinity:133:6:134:Infinity":0,"s:122:3:134:Infinity":7,"s:124:9:124:Infinity":8,"s:126:9:126:Infinity":9,"s:128:9:128:Infinity":10,"s:130:9:130:Infinity":11,"s:132:9:132:Infinity":12,"s:134:9:134:Infinity":13,"s:138:6:165:Infinity":14,"f:138:6:138:34":1,"s:139:16:139:26":15,"s:140:20:140:72":16,"b:140:39:140:67:140:70:140:72":1,"s:142:19:142:Infinity":17,"b:143:3:147:Infinity:undefined:undefined:undefined:undefined":2,"s:143:3:147:Infinity":18,"s:144:6:147:Infinity":19,"b:149:3:153:Infinity:undefined:undefined:undefined:undefined":3,"s:149:3:153:Infinity":20,"s:150:6:153:Infinity":21,"b:155:3:159:Infinity:undefined:undefined:undefined:undefined":4,"s:155:3:159:Infinity":22,"s:156:6:159:Infinity":23,"s:162:3:165:Infinity":24,"f:172:3:172:15":2,"s:173:6:173:Infinity":25,"s:174:6:174:Infinity":26,"s:175:33:175:66":27,"b:176:6:177:Infinity:undefined:undefined:undefined:undefined":5,"s:176:6:177:Infinity":28,"s:177:9:177:Infinity":29,"f:180:3:180:9":3,"b:181:6:182:Infinity:undefined:undefined:undefined:undefined":6,"s:181:6:182:Infinity":30,"b:181:10:181:42:181:42:181:73":7,"s:182:9:182:Infinity":31,"f:186:3:186:8":4,"b:187:6:188:Infinity:undefined:undefined:undefined:undefined":8,"s:187:6:188:Infinity":32,"b:187:10:187:42:187:42:187:72":9,"s:188:9:188:Infinity":33,"f:192:3:192:8":5,"b:193:6:194:Infinity:undefined:undefined:undefined:undefined":10,"s:193:6:194:Infinity":34,"b:193:10:193:42:193:42:193:72":11,"s:194:9:194:Infinity":35,"f:198:3:198:9":6,"b:199:6:200:Infinity:undefined:undefined:undefined:undefined":12,"s:199:6:200:Infinity":36,"b:199:10:199:42:199:42:199:73":13,"s:200:9:200:Infinity":37,"f:204:3:204:11":7,"s:205:31:205:Infinity":38,"b:206:6:207:Infinity:undefined:undefined:undefined:undefined":14,"s:206:6:207:Infinity":39,"s:207:9:207:Infinity":40,"s:208:6:208:Infinity":41,"s:219:13:234:Infinity":42,"f:219:13:219:29":8,"s:220:35:220:37":43,"b:221:3:225:Infinity:undefined:undefined:undefined:undefined":15,"s:221:3:225:Infinity":44,"b:222:6:225:Infinity:224:13:225:Infinity":16,"s:222:6:225:Infinity":45,"s:223:9:223:Infinity":46,"s:225:9:225:Infinity":47,"s:228:19:228:57":48,"b:230:3:231:Infinity:undefined:undefined:undefined:undefined":17,"s:230:3:231:Infinity":49,"s:231:6:231:Infinity":50,"s:234:3:234:Infinity":51}}}
}
